Flow report for V21_NIOS_BLINK
Mon Jul 20 23:57:50 2020
Quartus II 64-Bit Version 13.0.1 Build 232 06/12/2013 Service Pack 1 SJ Web Edition


---------------------
; Table of Contents ;
---------------------
  1. Legal Notice
  2. Flow Summary
  3. Flow Settings
  4. Flow Non-Default Global Settings
  5. Flow Elapsed Time
  6. Flow OS Summary
  7. Flow Log
  8. Flow Messages
  9. Flow Suppressed Messages



----------------
; Legal Notice ;
----------------
Copyright (C) 1991-2013 Altera Corporation
Your use of Altera Corporation's design tools, logic functions 
and other software and tools, and its AMPP partner logic 
functions, and any output files from any of the foregoing 
(including device programming or simulation files), and any 
associated documentation or information are expressly subject 
to the terms and conditions of the Altera Program License 
Subscription Agreement, Altera MegaCore Function License 
Agreement, or other applicable license agreement, including, 
without limitation, that your use is for the sole purpose of 
programming logic devices manufactured by Altera and sold by 
Altera or its authorized distributors.  Please refer to the 
applicable agreement for further details.



+--------------------------------------------------------------------------------------+
; Flow Summary                                                                         ;
+------------------------------------+-------------------------------------------------+
; Flow Status                        ; Successful - Mon Jul 20 23:57:46 2020           ;
; Quartus II 64-Bit Version          ; 13.0.1 Build 232 06/12/2013 SP 1 SJ Web Edition ;
; Revision Name                      ; V21_NIOS_BLINK                                  ;
; Top-level Entity Name              ; nios_led_top                                    ;
; Family                             ; Cyclone IV E                                    ;
; Device                             ; EP4CE10F17C8                                    ;
; Timing Models                      ; Final                                           ;
; Total logic elements               ; 1,347 / 10,320 ( 13 % )                         ;
;     Total combinational functions  ; 1,272 / 10,320 ( 12 % )                         ;
;     Dedicated logic registers      ; 746 / 10,320 ( 7 % )                            ;
; Total registers                    ; 746                                             ;
; Total pins                         ; 11 / 180 ( 6 % )                                ;
; Total virtual pins                 ; 0                                               ;
; Total memory bits                  ; 170,240 / 423,936 ( 40 % )                      ;
; Embedded Multiplier 9-bit elements ; 0 / 46 ( 0 % )                                  ;
; Total PLLs                         ; 0 / 2 ( 0 % )                                   ;
+------------------------------------+-------------------------------------------------+


+-----------------------------------------+
; Flow Settings                           ;
+-------------------+---------------------+
; Option            ; Setting             ;
+-------------------+---------------------+
; Start date & time ; 07/20/2020 23:57:25 ;
; Main task         ; Compilation         ;
; Revision Name     ; V21_NIOS_BLINK      ;
+-------------------+---------------------+


+------------------------------------------------------------------------------------------------------------------------------------------------------------------+
; Flow Non-Default Global Settings                                                                                                                                 ;
+-------------------------------------+------------------------------------------------------------+----------------+---------------------------------+------------+
; Assignment Name                     ; Value                                                      ; Default Value  ; Entity Name                     ; Section Id ;
+-------------------------------------+------------------------------------------------------------+----------------+---------------------------------+------------+
; COMPILER_SIGNATURE_ID               ; 109952957576213.159530384428108                            ; --             ; --                              ; --         ;
; IP_TOOL_ENV                         ; Qsys                                                       ; --             ; altera_avalon_sc_fifo           ; --         ;
; IP_TOOL_ENV                         ; Qsys                                                       ; --             ; altera_merlin_master_agent      ; --         ;
; IP_TOOL_ENV                         ; Qsys                                                       ; --             ; altera_merlin_master_translator ; --         ;
; IP_TOOL_ENV                         ; Qsys                                                       ; --             ; altera_merlin_slave_agent       ; --         ;
; IP_TOOL_ENV                         ; Qsys                                                       ; --             ; altera_merlin_slave_translator  ; --         ;
; IP_TOOL_ENV                         ; Qsys                                                       ; --             ; altera_reset_controller         ; --         ;
; IP_TOOL_ENV                         ; Qsys                                                       ; --             ; nios_led                        ; --         ;
; IP_TOOL_ENV                         ; Qsys                                                       ; --             ; nios_led_addr_router            ; --         ;
; IP_TOOL_ENV                         ; Qsys                                                       ; --             ; nios_led_addr_router_001        ; --         ;
; IP_TOOL_ENV                         ; Qsys                                                       ; --             ; nios_led_cmd_xbar_demux         ; --         ;
; IP_TOOL_ENV                         ; Qsys                                                       ; --             ; nios_led_cmd_xbar_demux_001     ; --         ;
; IP_TOOL_ENV                         ; Qsys                                                       ; --             ; nios_led_cmd_xbar_mux           ; --         ;
; IP_TOOL_ENV                         ; Qsys                                                       ; --             ; nios_led_cpu                    ; --         ;
; IP_TOOL_ENV                         ; Qsys                                                       ; --             ; nios_led_id_router              ; --         ;
; IP_TOOL_ENV                         ; Qsys                                                       ; --             ; nios_led_id_router_002          ; --         ;
; IP_TOOL_ENV                         ; Qsys                                                       ; --             ; nios_led_irq_mapper             ; --         ;
; IP_TOOL_ENV                         ; Qsys                                                       ; --             ; nios_led_led                    ; --         ;
; IP_TOOL_ENV                         ; Qsys                                                       ; --             ; nios_led_onchip_mem             ; --         ;
; IP_TOOL_ENV                         ; Qsys                                                       ; --             ; nios_led_rsp_xbar_demux_002     ; --         ;
; IP_TOOL_ENV                         ; Qsys                                                       ; --             ; nios_led_rsp_xbar_mux           ; --         ;
; IP_TOOL_ENV                         ; Qsys                                                       ; --             ; nios_led_rsp_xbar_mux_001       ; --         ;
; IP_TOOL_ENV                         ; Qsys                                                       ; --             ; nios_led_switch                 ; --         ;
; IP_TOOL_NAME                        ; altera_avalon_sc_fifo                                      ; --             ; altera_avalon_sc_fifo           ; --         ;
; IP_TOOL_NAME                        ; altera_merlin_master_agent                                 ; --             ; altera_merlin_master_agent      ; --         ;
; IP_TOOL_NAME                        ; altera_merlin_master_translator                            ; --             ; altera_merlin_master_translator ; --         ;
; IP_TOOL_NAME                        ; altera_merlin_slave_agent                                  ; --             ; altera_merlin_slave_agent       ; --         ;
; IP_TOOL_NAME                        ; altera_merlin_slave_translator                             ; --             ; altera_merlin_slave_translator  ; --         ;
; IP_TOOL_NAME                        ; altera_reset_controller                                    ; --             ; altera_reset_controller         ; --         ;
; IP_TOOL_NAME                        ; Qsys                                                       ; --             ; nios_led                        ; --         ;
; IP_TOOL_NAME                        ; altera_merlin_router                                       ; --             ; nios_led_addr_router            ; --         ;
; IP_TOOL_NAME                        ; altera_merlin_router                                       ; --             ; nios_led_addr_router_001        ; --         ;
; IP_TOOL_NAME                        ; altera_merlin_demultiplexer                                ; --             ; nios_led_cmd_xbar_demux         ; --         ;
; IP_TOOL_NAME                        ; altera_merlin_demultiplexer                                ; --             ; nios_led_cmd_xbar_demux_001     ; --         ;
; IP_TOOL_NAME                        ; altera_merlin_multiplexer                                  ; --             ; nios_led_cmd_xbar_mux           ; --         ;
; IP_TOOL_NAME                        ; altera_nios2_qsys                                          ; --             ; nios_led_cpu                    ; --         ;
; IP_TOOL_NAME                        ; altera_merlin_router                                       ; --             ; nios_led_id_router              ; --         ;
; IP_TOOL_NAME                        ; altera_merlin_router                                       ; --             ; nios_led_id_router_002          ; --         ;
; IP_TOOL_NAME                        ; altera_irq_mapper                                          ; --             ; nios_led_irq_mapper             ; --         ;
; IP_TOOL_NAME                        ; altera_avalon_pio                                          ; --             ; nios_led_led                    ; --         ;
; IP_TOOL_NAME                        ; altera_avalon_onchip_memory2                               ; --             ; nios_led_onchip_mem             ; --         ;
; IP_TOOL_NAME                        ; altera_merlin_demultiplexer                                ; --             ; nios_led_rsp_xbar_demux_002     ; --         ;
; IP_TOOL_NAME                        ; altera_merlin_multiplexer                                  ; --             ; nios_led_rsp_xbar_mux           ; --         ;
; IP_TOOL_NAME                        ; altera_merlin_multiplexer                                  ; --             ; nios_led_rsp_xbar_mux_001       ; --         ;
; IP_TOOL_NAME                        ; altera_avalon_pio                                          ; --             ; nios_led_switch                 ; --         ;
; IP_TOOL_VERSION                     ; 13.0                                                       ; --             ; altera_avalon_sc_fifo           ; --         ;
; IP_TOOL_VERSION                     ; 13.0                                                       ; --             ; altera_merlin_master_agent      ; --         ;
; IP_TOOL_VERSION                     ; 13.0                                                       ; --             ; altera_merlin_master_translator ; --         ;
; IP_TOOL_VERSION                     ; 13.0                                                       ; --             ; altera_merlin_slave_agent       ; --         ;
; IP_TOOL_VERSION                     ; 13.0                                                       ; --             ; altera_merlin_slave_translator  ; --         ;
; IP_TOOL_VERSION                     ; 13.0                                                       ; --             ; altera_reset_controller         ; --         ;
; IP_TOOL_VERSION                     ; 13.0sp1                                                    ; --             ; nios_led                        ; --         ;
; IP_TOOL_VERSION                     ; 13.0                                                       ; --             ; nios_led_addr_router            ; --         ;
; IP_TOOL_VERSION                     ; 13.0                                                       ; --             ; nios_led_addr_router_001        ; --         ;
; IP_TOOL_VERSION                     ; 13.0                                                       ; --             ; nios_led_cmd_xbar_demux         ; --         ;
; IP_TOOL_VERSION                     ; 13.0                                                       ; --             ; nios_led_cmd_xbar_demux_001     ; --         ;
; IP_TOOL_VERSION                     ; 13.0                                                       ; --             ; nios_led_cmd_xbar_mux           ; --         ;
; IP_TOOL_VERSION                     ; 13.0                                                       ; --             ; nios_led_cpu                    ; --         ;
; IP_TOOL_VERSION                     ; 13.0                                                       ; --             ; nios_led_id_router              ; --         ;
; IP_TOOL_VERSION                     ; 13.0                                                       ; --             ; nios_led_id_router_002          ; --         ;
; IP_TOOL_VERSION                     ; 13.0                                                       ; --             ; nios_led_irq_mapper             ; --         ;
; IP_TOOL_VERSION                     ; 13.0.1.99.2                                                ; --             ; nios_led_led                    ; --         ;
; IP_TOOL_VERSION                     ; 13.0.1.99.2                                                ; --             ; nios_led_onchip_mem             ; --         ;
; IP_TOOL_VERSION                     ; 13.0                                                       ; --             ; nios_led_rsp_xbar_demux_002     ; --         ;
; IP_TOOL_VERSION                     ; 13.0                                                       ; --             ; nios_led_rsp_xbar_mux           ; --         ;
; IP_TOOL_VERSION                     ; 13.0                                                       ; --             ; nios_led_rsp_xbar_mux_001       ; --         ;
; IP_TOOL_VERSION                     ; 13.0.1.99.2                                                ; --             ; nios_led_switch                 ; --         ;
; MAX_CORE_JUNCTION_TEMP              ; 85                                                         ; --             ; --                              ; --         ;
; MIN_CORE_JUNCTION_TEMP              ; 0                                                          ; --             ; --                              ; --         ;
; MISC_FILE                           ; nios_led/synthesis/../../nios_led.cmp                      ; --             ; --                              ; --         ;
; MISC_FILE                           ; nios_led/synthesis/../../nios_led.qsys                     ; --             ; --                              ; --         ;
; NOMINAL_CORE_SUPPLY_VOLTAGE         ; 1.2V                                                       ; --             ; --                              ; --         ;
; PARTITION_COLOR                     ; 16764057                                                   ; --             ; nios_led_top                    ; Top        ;
; PARTITION_FITTER_PRESERVATION_LEVEL ; PLACEMENT_AND_ROUTING                                      ; --             ; nios_led_top                    ; Top        ;
; PARTITION_NETLIST_TYPE              ; SOURCE                                                     ; --             ; nios_led_top                    ; Top        ;
; POWER_BOARD_THERMAL_MODEL           ; None (CONSERVATIVE)                                        ; --             ; --                              ; --         ;
; POWER_PRESET_COOLING_SOLUTION       ; 23 MM HEAT SINK WITH 200 LFPM AIRFLOW                      ; --             ; --                              ; --         ;
; PROJECT_OUTPUT_DIRECTORY            ; output_files                                               ; --             ; --                              ; --         ;
; SLD_INFO                            ; QSYS_NAME nios_led HAS_SOPCINFO 1 GENERATION_ID 1595302147 ; --             ; nios_led                        ; --         ;
; SOPCINFO_FILE                       ; nios_led/synthesis/../../nios_led.sopcinfo                 ; --             ; --                              ; --         ;
; SYNTHESIS_ONLY_QIP                  ; On                                                         ; --             ; --                              ; --         ;
; TOP_LEVEL_ENTITY                    ; nios_led_top                                               ; V21_NIOS_BLINK ; --                              ; --         ;
+-------------------------------------+------------------------------------------------------------+----------------+---------------------------------+------------+


+-------------------------------------------------------------------------------------------------------------------------------+
; Flow Elapsed Time                                                                                                             ;
+---------------------------+--------------+-------------------------+---------------------+------------------------------------+
; Module Name               ; Elapsed Time ; Average Processors Used ; Peak Virtual Memory ; Total CPU Time (on all processors) ;
+---------------------------+--------------+-------------------------+---------------------+------------------------------------+
; Analysis & Synthesis      ; 00:00:07     ; 1.0                     ; 4684 MB             ; 00:00:07                           ;
; Fitter                    ; 00:00:10     ; 1.0                     ; 4840 MB             ; 00:00:09                           ;
; Assembler                 ; 00:00:01     ; 1.0                     ; 4560 MB             ; 00:00:01                           ;
; TimeQuest Timing Analyzer ; 00:00:03     ; 1.0                     ; 4618 MB             ; 00:00:03                           ;
; Total                     ; 00:00:21     ; --                      ; --                  ; 00:00:20                           ;
+---------------------------+--------------+-------------------------+---------------------+------------------------------------+


+----------------------------------------------------------------------------------------+
; Flow OS Summary                                                                        ;
+---------------------------+------------------+-----------+------------+----------------+
; Module Name               ; Machine Hostname ; OS Name   ; OS Version ; Processor type ;
+---------------------------+------------------+-----------+------------+----------------+
; Analysis & Synthesis      ; DESKTOP-0G3UNAO  ; Windows 7 ; 6.2        ; x86_64         ;
; Fitter                    ; DESKTOP-0G3UNAO  ; Windows 7 ; 6.2        ; x86_64         ;
; Assembler                 ; DESKTOP-0G3UNAO  ; Windows 7 ; 6.2        ; x86_64         ;
; TimeQuest Timing Analyzer ; DESKTOP-0G3UNAO  ; Windows 7 ; 6.2        ; x86_64         ;
+---------------------------+------------------+-----------+------------+----------------+


------------
; Flow Log ;
------------
quartus_map --read_settings_files=on --write_settings_files=off V21_NIOS_BLINK -c V21_NIOS_BLINK
quartus_fit --read_settings_files=off --write_settings_files=off V21_NIOS_BLINK -c V21_NIOS_BLINK
quartus_asm --read_settings_files=off --write_settings_files=off V21_NIOS_BLINK -c V21_NIOS_BLINK
quartus_sta V21_NIOS_BLINK -c V21_NIOS_BLINK



