Analysis & Synthesis report for V09_SEGMENT_MULTI
Thu Jul 16 23:39:08 2020
Quartus II 64-Bit Version 13.0.1 Build 232 06/12/2013 Service Pack 1 SJ Web Edition


---------------------
; Table of Contents ;
---------------------
  1. Legal Notice
  2. Analysis & Synthesis Summary
  3. Analysis & Synthesis Settings
  4. Parallel Compilation
  5. Analysis & Synthesis Source Files Read
  6. Analysis & Synthesis Resource Usage Summary
  7. Analysis & Synthesis Resource Utilization by Entity
  8. Registers Removed During Synthesis
  9. General Register Statistics
 10. Multiplexer Restructuring Statistics (Restructuring Performed)
 11. Port Connectivity Checks: "bin_to_sseg:disp_unit_3"
 12. Port Connectivity Checks: "bin_to_sseg:disp_unit_2"
 13. Port Connectivity Checks: "bin_to_sseg:disp_unit_1"
 14. Port Connectivity Checks: "bin_to_sseg:disp_unit_0"
 15. Elapsed Time Per Partition
 16. Analysis & Synthesis Messages



----------------
; Legal Notice ;
----------------
Copyright (C) 1991-2013 Altera Corporation
Your use of Altera Corporation's design tools, logic functions 
and other software and tools, and its AMPP partner logic 
functions, and any output files from any of the foregoing 
(including device programming or simulation files), and any 
associated documentation or information are expressly subject 
to the terms and conditions of the Altera Program License 
Subscription Agreement, Altera MegaCore Function License 
Agreement, or other applicable license agreement, including, 
without limitation, that your use is for the sole purpose of 
programming logic devices manufactured by Altera and sold by 
Altera or its authorized distributors.  Please refer to the 
applicable agreement for further details.



+--------------------------------------------------------------------------------------+
; Analysis & Synthesis Summary                                                         ;
+------------------------------------+-------------------------------------------------+
; Analysis & Synthesis Status        ; Successful - Thu Jul 16 23:39:08 2020           ;
; Quartus II 64-Bit Version          ; 13.0.1 Build 232 06/12/2013 SP 1 SJ Web Edition ;
; Revision Name                      ; V09_SEGMENT_MULTI                               ;
; Top-level Entity Name              ; V09_SEGMENT_MULTI                               ;
; Family                             ; Cyclone IV GX                                   ;
; Total logic elements               ; 85                                              ;
;     Total combinational functions  ; 85                                              ;
;     Dedicated logic registers      ; 35                                              ;
; Total registers                    ; 35                                              ;
; Total pins                         ; 35                                              ;
; Total virtual pins                 ; 0                                               ;
; Total memory bits                  ; 0                                               ;
; Embedded Multiplier 9-bit elements ; 0                                               ;
; Total GXB Receiver Channel PCS     ; 0                                               ;
; Total GXB Receiver Channel PMA     ; 0                                               ;
; Total GXB Transmitter Channel PCS  ; 0                                               ;
; Total GXB Transmitter Channel PMA  ; 0                                               ;
; Total PLLs                         ; 0                                               ;
+------------------------------------+-------------------------------------------------+


+----------------------------------------------------------------------------------------------------------------------+
; Analysis & Synthesis Settings                                                                                        ;
+----------------------------------------------------------------------------+--------------------+--------------------+
; Option                                                                     ; Setting            ; Default Value      ;
+----------------------------------------------------------------------------+--------------------+--------------------+
; Top-level entity name                                                      ; V09_SEGMENT_MULTI  ; V09_SEGMENT_MULTI  ;
; Family name                                                                ; Cyclone IV GX      ; Cyclone IV GX      ;
; Use smart compilation                                                      ; Off                ; Off                ;
; Enable parallel Assembler and TimeQuest Timing Analyzer during compilation ; On                 ; On                 ;
; Enable compact report table                                                ; Off                ; Off                ;
; Restructure Multiplexers                                                   ; Auto               ; Auto               ;
; Create Debugging Nodes for IP Cores                                        ; Off                ; Off                ;
; Preserve fewer node names                                                  ; On                 ; On                 ;
; Disable OpenCore Plus hardware evaluation                                  ; Off                ; Off                ;
; Verilog Version                                                            ; Verilog_2001       ; Verilog_2001       ;
; VHDL Version                                                               ; VHDL_1993          ; VHDL_1993          ;
; State Machine Processing                                                   ; Auto               ; Auto               ;
; Safe State Machine                                                         ; Off                ; Off                ;
; Extract Verilog State Machines                                             ; On                 ; On                 ;
; Extract VHDL State Machines                                                ; On                 ; On                 ;
; Ignore Verilog initial constructs                                          ; Off                ; Off                ;
; Iteration limit for constant Verilog loops                                 ; 5000               ; 5000               ;
; Iteration limit for non-constant Verilog loops                             ; 250                ; 250                ;
; Add Pass-Through Logic to Inferred RAMs                                    ; On                 ; On                 ;
; Infer RAMs from Raw Logic                                                  ; On                 ; On                 ;
; Parallel Synthesis                                                         ; On                 ; On                 ;
; DSP Block Balancing                                                        ; Auto               ; Auto               ;
; NOT Gate Push-Back                                                         ; On                 ; On                 ;
; Power-Up Don't Care                                                        ; On                 ; On                 ;
; Remove Redundant Logic Cells                                               ; Off                ; Off                ;
; Remove Duplicate Registers                                                 ; On                 ; On                 ;
; Ignore CARRY Buffers                                                       ; Off                ; Off                ;
; Ignore CASCADE Buffers                                                     ; Off                ; Off                ;
; Ignore GLOBAL Buffers                                                      ; Off                ; Off                ;
; Ignore ROW GLOBAL Buffers                                                  ; Off                ; Off                ;
; Ignore LCELL Buffers                                                       ; Off                ; Off                ;
; Ignore SOFT Buffers                                                        ; On                 ; On                 ;
; Limit AHDL Integers to 32 Bits                                             ; Off                ; Off                ;
; Optimization Technique                                                     ; Balanced           ; Balanced           ;
; Carry Chain Length                                                         ; 70                 ; 70                 ;
; Auto Carry Chains                                                          ; On                 ; On                 ;
; Auto Open-Drain Pins                                                       ; On                 ; On                 ;
; Perform WYSIWYG Primitive Resynthesis                                      ; Off                ; Off                ;
; Auto ROM Replacement                                                       ; On                 ; On                 ;
; Auto RAM Replacement                                                       ; On                 ; On                 ;
; Auto DSP Block Replacement                                                 ; On                 ; On                 ;
; Auto Shift Register Replacement                                            ; Auto               ; Auto               ;
; Allow Shift Register Merging across Hierarchies                            ; Auto               ; Auto               ;
; Auto Clock Enable Replacement                                              ; On                 ; On                 ;
; Strict RAM Replacement                                                     ; Off                ; Off                ;
; Allow Synchronous Control Signals                                          ; On                 ; On                 ;
; Force Use of Synchronous Clear Signals                                     ; Off                ; Off                ;
; Auto RAM Block Balancing                                                   ; On                 ; On                 ;
; Auto RAM to Logic Cell Conversion                                          ; Off                ; Off                ;
; Auto Resource Sharing                                                      ; Off                ; Off                ;
; Allow Any RAM Size For Recognition                                         ; Off                ; Off                ;
; Allow Any ROM Size For Recognition                                         ; Off                ; Off                ;
; Allow Any Shift Register Size For Recognition                              ; Off                ; Off                ;
; Use LogicLock Constraints during Resource Balancing                        ; On                 ; On                 ;
; Ignore translate_off and synthesis_off directives                          ; Off                ; Off                ;
; Timing-Driven Synthesis                                                    ; On                 ; On                 ;
; Report Parameter Settings                                                  ; On                 ; On                 ;
; Report Source Assignments                                                  ; On                 ; On                 ;
; Report Connectivity Checks                                                 ; On                 ; On                 ;
; Ignore Maximum Fan-Out Assignments                                         ; Off                ; Off                ;
; Synchronization Register Chain Length                                      ; 2                  ; 2                  ;
; PowerPlay Power Optimization                                               ; Normal compilation ; Normal compilation ;
; HDL message level                                                          ; Level2             ; Level2             ;
; Suppress Register Optimization Related Messages                            ; Off                ; Off                ;
; Number of Removed Registers Reported in Synthesis Report                   ; 5000               ; 5000               ;
; Number of Swept Nodes Reported in Synthesis Report                         ; 5000               ; 5000               ;
; Number of Inverted Registers Reported in Synthesis Report                  ; 100                ; 100                ;
; Clock MUX Protection                                                       ; On                 ; On                 ;
; Auto Gated Clock Conversion                                                ; Off                ; Off                ;
; Block Design Naming                                                        ; Auto               ; Auto               ;
; SDC constraint protection                                                  ; Off                ; Off                ;
; Synthesis Effort                                                           ; Auto               ; Auto               ;
; Shift Register Replacement - Allow Asynchronous Clear Signal               ; On                 ; On                 ;
; Pre-Mapping Resynthesis Optimization                                       ; Off                ; Off                ;
; Analysis & Synthesis Message Level                                         ; Medium             ; Medium             ;
; Disable Register Merging Across Hierarchies                                ; Auto               ; Auto               ;
; Resource Aware Inference For Block RAM                                     ; On                 ; On                 ;
; Synthesis Seed                                                             ; 1                  ; 1                  ;
+----------------------------------------------------------------------------+--------------------+--------------------+


Parallel compilation was disabled, but you have multiple processors available. Enable parallel compilation to reduce compilation time.
+-------------------------------------+
; Parallel Compilation                ;
+----------------------------+--------+
; Processors                 ; Number ;
+----------------------------+--------+
; Number detected on machine ; 4      ;
; Maximum allowed            ; 1      ;
+----------------------------+--------+


+-----------------------------------------------------------------------------------------------------------------------------------------------------------------------+
; Analysis & Synthesis Source Files Read                                                                                                                                ;
+----------------------------------+-----------------+------------------------+-------------------------------------------------------------------------------+---------+
; File Name with User-Entered Path ; Used in Netlist ; File Type              ; File Name with Absolute Path                                                  ; Library ;
+----------------------------------+-----------------+------------------------+-------------------------------------------------------------------------------+---------+
; bin_to_sseg.v                    ; yes             ; User Verilog HDL File  ; C:/Users/armst/Desktop/Verilog-Projects/V09_SEGMENT_MULTI/bin_to_sseg.v       ;         ;
; V09_SEGMENT_MULTI.v              ; yes             ; User Verilog HDL File  ; C:/Users/armst/Desktop/Verilog-Projects/V09_SEGMENT_MULTI/V09_SEGMENT_MULTI.v ;         ;
; stop_watch_if.v                  ; yes             ; User Verilog HDL File  ; C:/Users/armst/Desktop/Verilog-Projects/V09_SEGMENT_MULTI/stop_watch_if.v     ;         ;
+----------------------------------+-----------------+------------------------+-------------------------------------------------------------------------------+---------+


+---------------------------------------------+
; Analysis & Synthesis Resource Usage Summary ;
+--------------------------+------------------+
; Resource                 ; Usage            ;
+--------------------------+------------------+
; I/O pins                 ; 35               ;
; DSP block 9-bit elements ; 0                ;
; Maximum fan-out node     ; clk~input        ;
; Maximum fan-out          ; 39               ;
; Total fan-out            ; 402              ;
; Average fan-out          ; 2.12             ;
+--------------------------+------------------+


+------------------------------------------------------------------------------------------------------------------------------------------------------------------------------------------------------------------------+
; Analysis & Synthesis Resource Utilization by Entity                                                                                                                                                                    ;
+---------------------------------+-------------------+--------------+-------------+--------------+---------+-----------+-----------+------+--------------+-----------------------------------------------+--------------+
; Compilation Hierarchy Node      ; LC Combinationals ; LC Registers ; Memory Bits ; DSP Elements ; DSP 9x9 ; DSP 18x18 ; DSP 36x36 ; Pins ; Virtual Pins ; Full Hierarchy Name                           ; Library Name ;
+---------------------------------+-------------------+--------------+-------------+--------------+---------+-----------+-----------+------+--------------+-----------------------------------------------+--------------+
; |V09_SEGMENT_MULTI              ; 85 (0)            ; 35 (0)       ; 0           ; 0            ; 0       ; 0         ; 0         ; 35   ; 0            ; |V09_SEGMENT_MULTI                            ; work         ;
;    |bin_to_sseg:disp_unit_0|    ; 1 (1)             ; 0 (0)        ; 0           ; 0            ; 0       ; 0         ; 0         ; 0    ; 0            ; |V09_SEGMENT_MULTI|bin_to_sseg:disp_unit_0    ; work         ;
;    |bin_to_sseg:disp_unit_1|    ; 1 (1)             ; 0 (0)        ; 0           ; 0            ; 0       ; 0         ; 0         ; 0    ; 0            ; |V09_SEGMENT_MULTI|bin_to_sseg:disp_unit_1    ; work         ;
;    |bin_to_sseg:disp_unit_2|    ; 1 (1)             ; 0 (0)        ; 0           ; 0            ; 0       ; 0         ; 0         ; 0    ; 0            ; |V09_SEGMENT_MULTI|bin_to_sseg:disp_unit_2    ; work         ;
;    |stop_watch_if:counter_unit| ; 82 (82)           ; 35 (35)      ; 0           ; 0            ; 0       ; 0         ; 0         ; 0    ; 0            ; |V09_SEGMENT_MULTI|stop_watch_if:counter_unit ; work         ;
+---------------------------------+-------------------+--------------+-------------+--------------+---------+-----------+-----------+------+--------------+-----------------------------------------------+--------------+
Note: For table entries with two numbers listed, the numbers in parentheses indicate the number of resources of the given type used by the specific entity alone. The numbers listed outside of parentheses indicate the total resources of the given type used by the specific entity and all of its sub-entities in the hierarchy.


+--------------------------------------------------------------------------------+
; Registers Removed During Synthesis                                             ;
+---------------------------------------+----------------------------------------+
; Register name                         ; Reason for Removal                     ;
+---------------------------------------+----------------------------------------+
; stop_watch_if:counter_unit|ms_reg[23] ; Stuck at GND due to stuck port data_in ;
; Total Number of Removed Registers = 1 ;                                        ;
+---------------------------------------+----------------------------------------+


+------------------------------------------------------+
; General Register Statistics                          ;
+----------------------------------------------+-------+
; Statistic                                    ; Value ;
+----------------------------------------------+-------+
; Total registers                              ; 35    ;
; Number of registers using Synchronous Clear  ; 0     ;
; Number of registers using Synchronous Load   ; 0     ;
; Number of registers using Asynchronous Clear ; 0     ;
; Number of registers using Asynchronous Load  ; 0     ;
; Number of registers using Clock Enable       ; 12    ;
; Number of registers using Preset             ; 0     ;
+----------------------------------------------+-------+


+-----------------------------------------------------------------------------------------------------------------------------------------------------------------------+
; Multiplexer Restructuring Statistics (Restructuring Performed)                                                                                                        ;
+--------------------+-----------+---------------+----------------------+------------------------+------------+---------------------------------------------------------+
; Multiplexer Inputs ; Bus Width ; Baseline Area ; Area if Restructured ; Saving if Restructured ; Registered ; Example Multiplexer Output                              ;
+--------------------+-----------+---------------+----------------------+------------------------+------------+---------------------------------------------------------+
; 3:1                ; 23 bits   ; 46 LEs        ; 23 LEs               ; 23 LEs                 ; Yes        ; |V09_SEGMENT_MULTI|stop_watch_if:counter_unit|ms_reg[8] ;
; 4:1                ; 4 bits    ; 8 LEs         ; 4 LEs                ; 4 LEs                  ; Yes        ; |V09_SEGMENT_MULTI|stop_watch_if:counter_unit|d0_reg[3] ;
; 5:1                ; 4 bits    ; 12 LEs        ; 4 LEs                ; 8 LEs                  ; Yes        ; |V09_SEGMENT_MULTI|stop_watch_if:counter_unit|d1_reg[3] ;
; 6:1                ; 4 bits    ; 16 LEs        ; 4 LEs                ; 12 LEs                 ; Yes        ; |V09_SEGMENT_MULTI|stop_watch_if:counter_unit|d2_reg[2] ;
+--------------------+-----------+---------------+----------------------+------------------------+------------+---------------------------------------------------------+


+--------------------------------------------------------------------------------------------------------------------------------------------------------------------------------------------------+
; Port Connectivity Checks: "bin_to_sseg:disp_unit_3"                                                                                                                                              ;
+------+--------+----------+-----------------------------------------------------------------------------------------------------------------------------------------------------------------------+
; Port ; Type   ; Severity ; Details                                                                                                                                                               ;
+------+--------+----------+-----------------------------------------------------------------------------------------------------------------------------------------------------------------------+
; bin  ; Input  ; Info     ; Stuck at GND                                                                                                                                                          ;
; sseg ; Output ; Warning  ; Output or bidir port (7 bits) is smaller than the port expression (8 bits) it drives.  The 1 most-significant bit(s) in the port expression will be connected to GND. ;
+------+--------+----------+-----------------------------------------------------------------------------------------------------------------------------------------------------------------------+


+--------------------------------------------------------------------------------------------------------------------------------------------------------------------------------------------------+
; Port Connectivity Checks: "bin_to_sseg:disp_unit_2"                                                                                                                                              ;
+------+--------+----------+-----------------------------------------------------------------------------------------------------------------------------------------------------------------------+
; Port ; Type   ; Severity ; Details                                                                                                                                                               ;
+------+--------+----------+-----------------------------------------------------------------------------------------------------------------------------------------------------------------------+
; sseg ; Output ; Warning  ; Output or bidir port (7 bits) is smaller than the port expression (8 bits) it drives.  The 1 most-significant bit(s) in the port expression will be connected to GND. ;
+------+--------+----------+-----------------------------------------------------------------------------------------------------------------------------------------------------------------------+


+--------------------------------------------------------------------------------------------------------------------------------------------------------------------------------------------------+
; Port Connectivity Checks: "bin_to_sseg:disp_unit_1"                                                                                                                                              ;
+------+--------+----------+-----------------------------------------------------------------------------------------------------------------------------------------------------------------------+
; Port ; Type   ; Severity ; Details                                                                                                                                                               ;
+------+--------+----------+-----------------------------------------------------------------------------------------------------------------------------------------------------------------------+
; sseg ; Output ; Warning  ; Output or bidir port (7 bits) is smaller than the port expression (8 bits) it drives.  The 1 most-significant bit(s) in the port expression will be connected to GND. ;
+------+--------+----------+-----------------------------------------------------------------------------------------------------------------------------------------------------------------------+


+--------------------------------------------------------------------------------------------------------------------------------------------------------------------------------------------------+
; Port Connectivity Checks: "bin_to_sseg:disp_unit_0"                                                                                                                                              ;
+------+--------+----------+-----------------------------------------------------------------------------------------------------------------------------------------------------------------------+
; Port ; Type   ; Severity ; Details                                                                                                                                                               ;
+------+--------+----------+-----------------------------------------------------------------------------------------------------------------------------------------------------------------------+
; sseg ; Output ; Warning  ; Output or bidir port (7 bits) is smaller than the port expression (8 bits) it drives.  The 1 most-significant bit(s) in the port expression will be connected to GND. ;
+------+--------+----------+-----------------------------------------------------------------------------------------------------------------------------------------------------------------------+


+-------------------------------+
; Elapsed Time Per Partition    ;
+----------------+--------------+
; Partition Name ; Elapsed Time ;
+----------------+--------------+
; Top            ; 00:00:00     ;
+----------------+--------------+


+-------------------------------+
; Analysis & Synthesis Messages ;
+-------------------------------+
Info: *******************************************************************
Info: Running Quartus II 64-Bit Analysis & Synthesis
    Info: Version 13.0.1 Build 232 06/12/2013 Service Pack 1 SJ Web Edition
    Info: Processing started: Thu Jul 16 23:39:05 2020
Info: Command: quartus_map --read_settings_files=on --write_settings_files=off V09_SEGMENT_MULTI -c V09_SEGMENT_MULTI
Warning (20028): Parallel compilation is not licensed and has been disabled
Info (12021): Found 1 design units, including 1 entities, in source file bin_to_sseg.v
    Info (12023): Found entity 1: bin_to_sseg
Info (12021): Found 1 design units, including 1 entities, in source file v09_segment_multi.v
    Info (12023): Found entity 1: V09_SEGMENT_MULTI
Info (12021): Found 1 design units, including 1 entities, in source file stop_watch_if.v
    Info (12023): Found entity 1: stop_watch_if
Warning (10236): Verilog HDL Implicit Net warning at V09_SEGMENT_MULTI.v(12): created implicit net for "go"
Warning (10236): Verilog HDL Implicit Net warning at V09_SEGMENT_MULTI.v(13): created implicit net for "clr"
Info (12127): Elaborating entity "V09_SEGMENT_MULTI" for the top level hierarchy
Info (12128): Elaborating entity "stop_watch_if" for hierarchy "stop_watch_if:counter_unit"
Warning (10230): Verilog HDL assignment warning at stop_watch_if.v(28): truncated value with size 32 to match size of target (23)
Warning (10230): Verilog HDL assignment warning at stop_watch_if.v(49): truncated value with size 32 to match size of target (4)
Warning (10230): Verilog HDL assignment warning at stop_watch_if.v(56): truncated value with size 32 to match size of target (4)
Warning (10230): Verilog HDL assignment warning at stop_watch_if.v(63): truncated value with size 32 to match size of target (4)
Info (12128): Elaborating entity "bin_to_sseg" for hierarchy "bin_to_sseg:disp_unit_0"
Warning (10272): Verilog HDL Case Statement warning at bin_to_sseg.v(12): case item expression covers a value already covered by a previous case item
Warning (10272): Verilog HDL Case Statement warning at bin_to_sseg.v(13): case item expression covers a value already covered by a previous case item
Warning (10272): Verilog HDL Case Statement warning at bin_to_sseg.v(14): case item expression covers a value already covered by a previous case item
Warning (10272): Verilog HDL Case Statement warning at bin_to_sseg.v(15): case item expression covers a value already covered by a previous case item
Warning (10272): Verilog HDL Case Statement warning at bin_to_sseg.v(16): case item expression covers a value already covered by a previous case item
Warning (10272): Verilog HDL Case Statement warning at bin_to_sseg.v(17): case item expression covers a value already covered by a previous case item
Warning (10272): Verilog HDL Case Statement warning at bin_to_sseg.v(18): case item expression covers a value already covered by a previous case item
Warning (10272): Verilog HDL Case Statement warning at bin_to_sseg.v(19): case item expression covers a value already covered by a previous case item
Warning (10272): Verilog HDL Case Statement warning at bin_to_sseg.v(20): case item expression covers a value already covered by a previous case item
Warning (10272): Verilog HDL Case Statement warning at bin_to_sseg.v(21): case item expression covers a value already covered by a previous case item
Warning (10272): Verilog HDL Case Statement warning at bin_to_sseg.v(22): case item expression covers a value already covered by a previous case item
Warning (10272): Verilog HDL Case Statement warning at bin_to_sseg.v(23): case item expression covers a value already covered by a previous case item
Warning (10272): Verilog HDL Case Statement warning at bin_to_sseg.v(24): case item expression covers a value already covered by a previous case item
Warning (10272): Verilog HDL Case Statement warning at bin_to_sseg.v(25): case item expression covers a value already covered by a previous case item
Warning (12241): 4 hierarchies have connectivity warnings - see the Connectivity Checks report folder
Warning (13024): Output pins are stuck at VCC or GND
    Warning (13410): Pin "hex3[0]" is stuck at VCC
    Warning (13410): Pin "hex3[1]" is stuck at VCC
    Warning (13410): Pin "hex3[2]" is stuck at VCC
    Warning (13410): Pin "hex3[3]" is stuck at VCC
    Warning (13410): Pin "hex3[4]" is stuck at VCC
    Warning (13410): Pin "hex3[5]" is stuck at VCC
    Warning (13410): Pin "hex3[6]" is stuck at GND
    Warning (13410): Pin "hex3[7]" is stuck at GND
    Warning (13410): Pin "hex2[0]" is stuck at VCC
    Warning (13410): Pin "hex2[4]" is stuck at VCC
    Warning (13410): Pin "hex2[5]" is stuck at VCC
    Warning (13410): Pin "hex2[7]" is stuck at GND
    Warning (13410): Pin "hex1[0]" is stuck at VCC
    Warning (13410): Pin "hex1[4]" is stuck at VCC
    Warning (13410): Pin "hex1[5]" is stuck at VCC
    Warning (13410): Pin "hex1[7]" is stuck at GND
    Warning (13410): Pin "hex0[0]" is stuck at VCC
    Warning (13410): Pin "hex0[4]" is stuck at VCC
    Warning (13410): Pin "hex0[5]" is stuck at VCC
    Warning (13410): Pin "hex0[7]" is stuck at GND
Info (286030): Timing-Driven Synthesis is running
Info (16010): Generating hard_block partition "hard_block:auto_generated_inst"
    Info (16011): Adding 0 node(s), including 0 DDIO, 0 PLL, 0 transceiver and 0 LCELL
Info (21057): Implemented 120 device resources after synthesis - the final resource count might be different
    Info (21058): Implemented 3 input pins
    Info (21059): Implemented 32 output pins
    Info (21061): Implemented 85 logic cells
Info: Quartus II 64-Bit Analysis & Synthesis was successful. 0 errors, 43 warnings
    Info: Peak virtual memory: 4636 megabytes
    Info: Processing ended: Thu Jul 16 23:39:08 2020
    Info: Elapsed time: 00:00:03
    Info: Total CPU time (on all processors): 00:00:02


